<?xml version="1.0" encoding="UTF-8"?>
<!-- Generated by org.testng.reporters.JUnitXMLReporter -->
<testsuite ignored="0" hostname="DESKTOP-L93P92C" failures="0" tests="6" name="Default test" time="2.022" errors="0" timestamp="2021-03-10T11:21:29 PKT">
  <testcase classname="N26Task.SmokePetstore.smokeTestSuite" name="AddPet" time="1.436"/>
  <testcase classname="N26Task.SmokePetstore.smokeTestSuite" name="FindPet" time="0.044"/>
  <testcase classname="N26Task.SmokePetstore.smokeTestSuite" name="UpdatePet" time="0.038"/>
  <testcase classname="N26Task.SmokePetstore.smokeTestSuite" name="VerifyPetUpdate" time="0.416"/>
  <testcase classname="N26Task.SmokePetstore.smokeTestSuite" name="DeletePet" time="0.022"/>
  <testcase classname="N26Task.SmokePetstore.smokeTestSuite" name="VerifyPetDelete" time="0.03"/>
</testsuite> <!-- Default test -->
