<?xml version="1.0" encoding="UTF-8"?>
<testng-results ignored="0" total="6" passed="6" failed="0" skipped="0">
  <reporter-output>
  </reporter-output>
  <suite started-at="2021-03-10T11:21:27 PKT" name="Default suite" finished-at="2021-03-10T11:21:29 PKT" duration-ms="2022">
    <groups>
    </groups>
    <test started-at="2021-03-10T11:21:27 PKT" name="Default test" finished-at="2021-03-10T11:21:29 PKT" duration-ms="2022">
      <class name="N26Task.SmokePetstore.smokeTestSuite">
        <test-method signature="AddPet()[pri:0, instance:N26Task.SmokePetstore.smokeTestSuite@6ff29830]" started-at="2021-03-10T11:21:27 PKT" name="AddPet" finished-at="2021-03-10T11:21:28 PKT" duration-ms="1436" status="PASS">
          <reporter-output>
          </reporter-output>
        </test-method> <!-- AddPet -->
        <test-method signature="FindPet()[pri:1, instance:N26Task.SmokePetstore.smokeTestSuite@6ff29830]" started-at="2021-03-10T11:21:28 PKT" name="FindPet" finished-at="2021-03-10T11:21:28 PKT" depends-on-methods="N26Task.SmokePetstore.smokeTestSuite.AddPet" duration-ms="44" status="PASS">
          <reporter-output>
          </reporter-output>
        </test-method> <!-- FindPet -->
        <test-method signature="UpdatePet()[pri:2, instance:N26Task.SmokePetstore.smokeTestSuite@6ff29830]" started-at="2021-03-10T11:21:28 PKT" name="UpdatePet" finished-at="2021-03-10T11:21:29 PKT" depends-on-methods="N26Task.SmokePetstore.smokeTestSuite.FindPet" duration-ms="38" status="PASS">
          <reporter-output>
          </reporter-output>
        </test-method> <!-- UpdatePet -->
        <test-method signature="VerifyPetUpdate()[pri:3, instance:N26Task.SmokePetstore.smokeTestSuite@6ff29830]" started-at="2021-03-10T11:21:29 PKT" name="VerifyPetUpdate" finished-at="2021-03-10T11:21:29 PKT" depends-on-methods="N26Task.SmokePetstore.smokeTestSuite.UpdatePet" duration-ms="416" status="PASS">
          <reporter-output>
          </reporter-output>
        </test-method> <!-- VerifyPetUpdate -->
        <test-method signature="DeletePet()[pri:4, instance:N26Task.SmokePetstore.smokeTestSuite@6ff29830]" started-at="2021-03-10T11:21:29 PKT" name="DeletePet" finished-at="2021-03-10T11:21:29 PKT" depends-on-methods="N26Task.SmokePetstore.smokeTestSuite.AddPet" duration-ms="22" status="PASS">
          <reporter-output>
          </reporter-output>
        </test-method> <!-- DeletePet -->
        <test-method signature="VerifyPetDelete()[pri:5, instance:N26Task.SmokePetstore.smokeTestSuite@6ff29830]" started-at="2021-03-10T11:21:29 PKT" name="VerifyPetDelete" finished-at="2021-03-10T11:21:29 PKT" depends-on-methods="N26Task.SmokePetstore.smokeTestSuite.DeletePet" duration-ms="30" status="PASS">
          <reporter-output>
          </reporter-output>
        </test-method> <!-- VerifyPetDelete -->
      </class> <!-- N26Task.SmokePetstore.smokeTestSuite -->
    </test> <!-- Default test -->
  </suite> <!-- Default suite -->
</testng-results>
